<!DOCTYPE html>

<html>
  <head>
  <meta charset='utf-8'>
  <title>TestNG reports</title>

    <link type="text/css" href="testng-reports1.css" rel="stylesheet" id="ultra" />
    <link type="text/css" href="testng-reports.css" rel="stylesheet" id="retro" disabled="false"/>
    <script type="text/javascript" src="jquery-3.6.0.min.js"></script>
    <script type="text/javascript" src="testng-reports.js"></script>
    <script type="text/javascript" src="https://www.google.com/jsapi"></script>
    <script type='text/javascript'>
      google.load('visualization', '1', {packages:['table']});
      google.setOnLoadCallback(drawTable);
      var suiteTableInitFunctions = new Array();
      var suiteTableData = new Array();
    </script>
    <!--
      <script type="text/javascript" src="jquery-ui/js/jquery-ui-1.8.16.custom.min.js"></script>
     -->
  </head>

  <body>    <div class="top-banner-root">
      <span class="top-banner-title-font">Test results</span>
      <button id="button" class="button">Switch Retro Theme</button> <!-- button -->
      <br/>
      <span class="top-banner-font-1">1 suite</span>
    </div> <!-- top-banner-root -->
    <div class="navigator-root">
      <div class="navigator-suite-header">
        <span>All suites</span>
        <a href="#" title="Collapse/expand all the suites" class="collapse-all-link">
          <img src="collapseall.gif" class="collapse-all-icon">
          </img> <!-- collapse-all-icon -->
        </a> <!-- collapse-all-link -->
      </div> <!-- navigator-suite-header -->
      <div class="suite">
        <div class="rounded-window">
          <div class="suite-header light-rounded-window-top">
            <a href="#" panel-name="suite-All_Test_Suite" class="navigator-link">
              <span class="suite-name border-skipped">All Test Suite</span>
            </a> <!-- navigator-link -->
          </div> <!-- suite-header light-rounded-window-top -->
          <div class="navigator-suite-content">
            <div class="suite-section-title">
              <span>Info</span>
            </div> <!-- suite-section-title -->
            <div class="suite-section-content">
              <ul>
                <li>
                  <a href="#" panel-name="test-xml-All_Test_Suite" class="navigator-link ">
                    <span>C:\Users\U6074901\IdeaProjects\SauceDemo\testng.xml</span>
                  </a> <!-- navigator-link  -->
                </li>
                <li>
                  <a href="#" panel-name="testlist-All_Test_Suite" class="navigator-link ">
                    <span class="test-stats">1 test</span>
                  </a> <!-- navigator-link  -->
                </li>
                <li>
                  <a href="#" panel-name="group-All_Test_Suite" class="navigator-link ">
                    <span>0 groups</span>
                  </a> <!-- navigator-link  -->
                </li>
                <li>
                  <a href="#" panel-name="times-All_Test_Suite" class="navigator-link ">
                    <span>Times</span>
                  </a> <!-- navigator-link  -->
                </li>
                <li>
                  <a href="#" panel-name="reporter-All_Test_Suite" class="navigator-link ">
                    <span>Reporter output</span>
                  </a> <!-- navigator-link  -->
                </li>
                <li>
                  <a href="#" panel-name="ignored-methods-All_Test_Suite" class="navigator-link ">
                    <span>Ignored methods</span>
                  </a> <!-- navigator-link  -->
                </li>
                <li>
                  <a href="#" panel-name="chronological-All_Test_Suite" class="navigator-link ">
                    <span>Chronological view</span>
                  </a> <!-- navigator-link  -->
                </li>
              </ul>
            </div> <!-- suite-section-content -->
            <div class="result-section">
              <div class="suite-section-title">
                <span>Results</span>
              </div> <!-- suite-section-title -->
              <div class="suite-section-content">
                <ul>
                  <li>
                    <span class="method-stats">26 methods,  11 skipped,  15 passed</span>
                  </li>
                  <li>
                    <span class="method-list-title skipped">Skipped methods</span>
                    <span class="show-or-hide-methods skipped">
                      <a href="#" panel-name="suite-All_Test_Suite" class="hide-methods skipped suite-All_Test_Suite"> (hide)</a> <!-- hide-methods skipped suite-All_Test_Suite -->
                      <a href="#" panel-name="suite-All_Test_Suite" class="show-methods skipped suite-All_Test_Suite"> (show)</a> <!-- show-methods skipped suite-All_Test_Suite -->
                    </span>
                    <div class="method-list-content skipped suite-All_Test_Suite">
                      <span>
                        <img src="skipped.png" width="3%"/>
                        <a href="#" panel-name="suite-All_Test_Suite" title="Tests.HomepageTest" class="method navigator-link" hash-for-method="aboutPageCanBeOpened">aboutPageCanBeOpened</a> <!-- method navigator-link -->
                      </span>
                      <br/>
                      <span>
                        <img src="skipped.png" width="3%"/>
                        <a href="#" panel-name="suite-All_Test_Suite" title="Tests.CheckoutTest" class="method navigator-link" hash-for-method="allFieldsAreMandatory">allFieldsAreMandatory</a> <!-- method navigator-link -->
                      </span>
                      <br/>
                      <span>
                        <img src="skipped.png" width="3%"/>
                        <a href="#" panel-name="suite-All_Test_Suite" title="Tests.CheckoutTest" class="method navigator-link" hash-for-method="firstNameIsMandatory">firstNameIsMandatory</a> <!-- method navigator-link -->
                      </span>
                      <br/>
                      <span>
                        <img src="skipped.png" width="3%"/>
                        <a href="#" panel-name="suite-All_Test_Suite" title="Tests.HomepageTest" class="method navigator-link" hash-for-method="hamburgerMenuHasExpectedItems">hamburgerMenuHasExpectedItems</a> <!-- method navigator-link -->
                      </span>
                      <br/>
                      <span>
                        <img src="skipped.png" width="3%"/>
                        <a href="#" panel-name="suite-All_Test_Suite" title="Tests.HomepageTest" class="method navigator-link" hash-for-method="hamburgerMenuIsHidden">hamburgerMenuIsHidden</a> <!-- method navigator-link -->
                      </span>
                      <br/>
                      <span>
                        <img src="skipped.png" width="3%"/>
                        <a href="#" panel-name="suite-All_Test_Suite" title="Tests.CheckoutTest" class="method navigator-link" hash-for-method="lastNameIsMandatory">lastNameIsMandatory</a> <!-- method navigator-link -->
                      </span>
                      <br/>
                      <span>
                        <img src="skipped.png" width="3%"/>
                        <a href="#" panel-name="suite-All_Test_Suite" title="Tests.HomepageTest" class="method navigator-link" hash-for-method="sortItemsAtoZ">sortItemsAtoZ</a> <!-- method navigator-link -->
                      </span>
                      <br/>
                      <span>
                        <img src="skipped.png" width="3%"/>
                        <a href="#" panel-name="suite-All_Test_Suite" title="Tests.HomepageTest" class="method navigator-link" hash-for-method="sortItemsZtoA">sortItemsZtoA</a> <!-- method navigator-link -->
                      </span>
                      <br/>
                      <span>
                        <img src="skipped.png" width="3%"/>
                        <a href="#" panel-name="suite-All_Test_Suite" title="Tests.HomepageTest" class="method navigator-link" hash-for-method="sortPriceHighToLow">sortPriceHighToLow</a> <!-- method navigator-link -->
                      </span>
                      <br/>
                      <span>
                        <img src="skipped.png" width="3%"/>
                        <a href="#" panel-name="suite-All_Test_Suite" title="Tests.HomepageTest" class="method navigator-link" hash-for-method="sortPriceLowToHigh">sortPriceLowToHigh</a> <!-- method navigator-link -->
                      </span>
                      <br/>
                      <span>
                        <img src="skipped.png" width="3%"/>
                        <a href="#" panel-name="suite-All_Test_Suite" title="Tests.CheckoutTest" class="method navigator-link" hash-for-method="zipCodeIsMandatory">zipCodeIsMandatory</a> <!-- method navigator-link -->
                      </span>
                      <br/>
                    </div> <!-- method-list-content skipped suite-All_Test_Suite -->
                  </li>
                  <li>
                    <span class="method-list-title passed">Passed methods</span>
                    <span class="show-or-hide-methods passed">
                      <a href="#" panel-name="suite-All_Test_Suite" class="hide-methods passed suite-All_Test_Suite"> (hide)</a> <!-- hide-methods passed suite-All_Test_Suite -->
                      <a href="#" panel-name="suite-All_Test_Suite" class="show-methods passed suite-All_Test_Suite"> (show)</a> <!-- show-methods passed suite-All_Test_Suite -->
                    </span>
                    <div class="method-list-content passed suite-All_Test_Suite">
                      <span>
                        <img src="passed.png" width="3%"/>
                        <a href="#" panel-name="suite-All_Test_Suite" title="Tests.CartTest" class="method navigator-link" hash-for-method="addItemToCart">addItemToCart</a> <!-- method navigator-link -->
                      </span>
                      <br/>
                      <span>
                        <img src="passed.png" width="3%"/>
                        <a href="#" panel-name="suite-All_Test_Suite" title="Tests.EndToEndTest" class="method navigator-link" hash-for-method="itemCanBeBought">itemCanBeBought</a> <!-- method navigator-link -->
                      </span>
                      <br/>
                      <span>
                        <img src="passed.png" width="3%"/>
                        <a href="#" panel-name="suite-All_Test_Suite" title="Tests.CartTest" class="method navigator-link" hash-for-method="itemCanBeRemovedFromCart">itemCanBeRemovedFromCart</a> <!-- method navigator-link -->
                      </span>
                      <br/>
                      <span>
                        <img src="passed.png" width="3%"/>
                        <a href="#" panel-name="suite-All_Test_Suite" title="Tests.CartTest" class="method navigator-link" hash-for-method="multipleItemsCaneBeAddedToCart">multipleItemsCaneBeAddedToCart</a> <!-- method navigator-link -->
                      </span>
                      <br/>
                      <span>
                        <img src="passed.png" width="3%"/>
                        <a href="#" panel-name="suite-All_Test_Suite" title="Tests.CartTest" class="method navigator-link" hash-for-method="userCanContinueShopping">userCanContinueShopping</a> <!-- method navigator-link -->
                      </span>
                      <br/>
                      <span>
                        <img src="passed.png" width="3%"/>
                        <a href="#" panel-name="suite-All_Test_Suite" title="Tests.EndToEndTest" class="method navigator-link" hash-for-method="userCanGoToHomepageAfterShopping">userCanGoToHomepageAfterShopping</a> <!-- method navigator-link -->
                      </span>
                      <br/>
                      <span>
                        <img src="passed.png" width="3%"/>
                        <a href="#" panel-name="suite-All_Test_Suite" title="Tests.LoginTest" class="method navigator-link" hash-for-method="userCanLogIn">userCanLogIn</a> <!-- method navigator-link -->
                      </span>
                      <br/>
                      <span>
                        <img src="passed.png" width="3%"/>
                        <a href="#" panel-name="suite-All_Test_Suite" title="Tests.LoginTest" class="method navigator-link" hash-for-method="userCanLogOut">userCanLogOut</a> <!-- method navigator-link -->
                      </span>
                      <br/>
                      <span>
                        <img src="passed.png" width="3%"/>
                        <a href="#" panel-name="suite-All_Test_Suite" title="Tests.LoginTest" class="method navigator-link" hash-for-method="userCannotLogInWithInvalidPassword">userCannotLogInWithInvalidPassword</a> <!-- method navigator-link -->
                      </span>
                      <br/>
                      <span>
                        <img src="passed.png" width="3%"/>
                        <a href="#" panel-name="suite-All_Test_Suite" title="Tests.LoginTest" class="method navigator-link" hash-for-method="userCannotLogInWithInvalidUsername">userCannotLogInWithInvalidUsername</a> <!-- method navigator-link -->
                      </span>
                      <br/>
                      <span>
                        <img src="passed.png" width="3%"/>
                        <a href="#" panel-name="suite-All_Test_Suite" title="Tests.LoginTest" class="method navigator-link" hash-for-method="userCannotLogInWithInvalidUsernameAndPassword(standard, pass_word)">userCannotLogInWithInvalidUsernameAndPassword(standard, pass_word)</a> <!-- method navigator-link -->
                      </span>
                      <br/>
                      <span>
                        <img src="passed.png" width="3%"/>
                        <a href="#" panel-name="suite-All_Test_Suite" title="Tests.LoginTest" class="method navigator-link" hash-for-method="userCannotLogInWithInvalidUsernameAndPassword(user, pass)">userCannotLogInWithInvalidUsernameAndPassword(user, pass)</a> <!-- method navigator-link -->
                      </span>
                      <br/>
                      <span>
                        <img src="passed.png" width="3%"/>
                        <a href="#" panel-name="suite-All_Test_Suite" title="Tests.LoginTest" class="method navigator-link" hash-for-method="userCannotLogInWithInvalidUsernameAndPassword(username, password)">userCannotLogInWithInvalidUsernameAndPassword(username, password)</a> <!-- method navigator-link -->
                      </span>
                      <br/>
                      <span>
                        <img src="passed.png" width="3%"/>
                        <a href="#" panel-name="suite-All_Test_Suite" title="Tests.LoginTest" class="method navigator-link" hash-for-method="userCannotLogInWithInvalidUsernameAndPassword(user 1, password1)">userCannotLogInWithInvalidUsernameAndPassword(user 1, password1)</a> <!-- method navigator-link -->
                      </span>
                      <br/>
                      <span>
                        <img src="passed.png" width="3%"/>
                        <a href="#" panel-name="suite-All_Test_Suite" title="Tests.LoginTest" class="method navigator-link" hash-for-method="userCannotLogInWithRandomData">userCannotLogInWithRandomData</a> <!-- method navigator-link -->
                      </span>
                      <br/>
                    </div> <!-- method-list-content passed suite-All_Test_Suite -->
                  </li>
                </ul>
              </div> <!-- suite-section-content -->
            </div> <!-- result-section -->
          </div> <!-- navigator-suite-content -->
        </div> <!-- rounded-window -->
      </div> <!-- suite -->
    </div> <!-- navigator-root -->
    <div class="wrapper">
      <div class="main-panel-root">
        <div panel-name="suite-All_Test_Suite" class="panel All_Test_Suite">
          <div class="suite-All_Test_Suite-class-skipped">
            <div class="main-panel-header rounded-window-top">
              <img src="skipped.png"/>
              <span class="class-name">Tests.HomepageTest</span>
            </div> <!-- main-panel-header rounded-window-top -->
            <div class="main-panel-content rounded-window-bottom">
              <div class="method">
                <div class="method-content">
                  <a name="aboutPageCanBeOpened">
                  </a> <!-- aboutPageCanBeOpened -->
                  <span class="method-name">aboutPageCanBeOpened</span>
                  <div class="stack-trace">org.openqa.selenium.SessionNotCreatedException: Could not start a new session. Possible causes are invalid address of the remote server or browser start-up failure. 
Host info: host: &apos;CLVITN-28FQFX3&apos;, ip: &apos;10.216.30.167&apos;
	at org.openqa.selenium.remote.RemoteWebDriver.execute(RemoteWebDriver.java:620)
	at org.openqa.selenium.remote.RemoteWebDriver.startSession(RemoteWebDriver.java:236)
	at org.openqa.selenium.remote.RemoteWebDriver.&lt;init&gt;(RemoteWebDriver.java:163)
	at org.openqa.selenium.chromium.ChromiumDriver.&lt;init&gt;(ChromiumDriver.java:108)
	at org.openqa.selenium.edge.EdgeDriver.&lt;init&gt;(EdgeDriver.java:60)
	at org.openqa.selenium.edge.EdgeDriver.&lt;init&gt;(EdgeDriver.java:56)
	at org.openqa.selenium.edge.EdgeDriver.&lt;init&gt;(EdgeDriver.java:48)
	at org.openqa.selenium.edge.EdgeDriver.&lt;init&gt;(EdgeDriver.java:44)
	at Helpers.WebDriverFactory.createWebDriver(WebDriverFactory.java:40)
	at Base.BaseTest.driverSetUp(BaseTest.java:53)
	at java.base/java.util.ArrayList.forEach(ArrayList.java:1596)
Caused by: org.openqa.selenium.WebDriverException: Driver server process died prematurely.
Build info: version: &apos;4.14.0&apos;, revision: &apos;e5a96349ce&apos;
System info: os.name: &apos;Windows 10&apos;, os.arch: &apos;amd64&apos;, os.version: &apos;10.0&apos;, java.version: &apos;21&apos;
Driver info: driver.version: EdgeDriver
	at org.openqa.selenium.remote.service.DriverService.start(DriverService.java:243)
	at org.openqa.selenium.remote.service.DriverCommandExecutor.execute(DriverCommandExecutor.java:119)
	at org.openqa.selenium.remote.RemoteWebDriver.execute(RemoteWebDriver.java:602)
	... 42 more
... Removed 32 stack frames
</div> <!-- stack-trace -->
                </div> <!-- method-content -->
              </div> <!-- method -->
              <div class="method">
                <div class="method-content">
                  <a name="hamburgerMenuHasExpectedItems">
                  </a> <!-- hamburgerMenuHasExpectedItems -->
                  <span class="method-name">hamburgerMenuHasExpectedItems</span>
                  <div class="stack-trace">org.openqa.selenium.SessionNotCreatedException: Could not start a new session. Possible causes are invalid address of the remote server or browser start-up failure. 
Host info: host: &apos;CLVITN-28FQFX3&apos;, ip: &apos;10.216.30.167&apos;
	at org.openqa.selenium.remote.RemoteWebDriver.execute(RemoteWebDriver.java:620)
	at org.openqa.selenium.remote.RemoteWebDriver.startSession(RemoteWebDriver.java:236)
	at org.openqa.selenium.remote.RemoteWebDriver.&lt;init&gt;(RemoteWebDriver.java:163)
	at org.openqa.selenium.chromium.ChromiumDriver.&lt;init&gt;(ChromiumDriver.java:108)
	at org.openqa.selenium.edge.EdgeDriver.&lt;init&gt;(EdgeDriver.java:60)
	at org.openqa.selenium.edge.EdgeDriver.&lt;init&gt;(EdgeDriver.java:56)
	at org.openqa.selenium.edge.EdgeDriver.&lt;init&gt;(EdgeDriver.java:48)
	at org.openqa.selenium.edge.EdgeDriver.&lt;init&gt;(EdgeDriver.java:44)
	at Helpers.WebDriverFactory.createWebDriver(WebDriverFactory.java:40)
	at Base.BaseTest.driverSetUp(BaseTest.java:53)
	at java.base/java.util.ArrayList.forEach(ArrayList.java:1596)
Caused by: org.openqa.selenium.WebDriverException: Driver server process died prematurely.
Build info: version: &apos;4.14.0&apos;, revision: &apos;e5a96349ce&apos;
System info: os.name: &apos;Windows 10&apos;, os.arch: &apos;amd64&apos;, os.version: &apos;10.0&apos;, java.version: &apos;21&apos;
Driver info: driver.version: EdgeDriver
	at org.openqa.selenium.remote.service.DriverService.start(DriverService.java:243)
	at org.openqa.selenium.remote.service.DriverCommandExecutor.execute(DriverCommandExecutor.java:119)
	at org.openqa.selenium.remote.RemoteWebDriver.execute(RemoteWebDriver.java:602)
	... 42 more
... Removed 32 stack frames
</div> <!-- stack-trace -->
                </div> <!-- method-content -->
              </div> <!-- method -->
              <div class="method">
                <div class="method-content">
                  <a name="hamburgerMenuIsHidden">
                  </a> <!-- hamburgerMenuIsHidden -->
                  <span class="method-name">hamburgerMenuIsHidden</span>
                  <div class="stack-trace">org.openqa.selenium.SessionNotCreatedException: Could not start a new session. Possible causes are invalid address of the remote server or browser start-up failure. 
Host info: host: &apos;CLVITN-28FQFX3&apos;, ip: &apos;10.216.30.167&apos;
	at org.openqa.selenium.remote.RemoteWebDriver.execute(RemoteWebDriver.java:620)
	at org.openqa.selenium.remote.RemoteWebDriver.startSession(RemoteWebDriver.java:236)
	at org.openqa.selenium.remote.RemoteWebDriver.&lt;init&gt;(RemoteWebDriver.java:163)
	at org.openqa.selenium.chromium.ChromiumDriver.&lt;init&gt;(ChromiumDriver.java:108)
	at org.openqa.selenium.edge.EdgeDriver.&lt;init&gt;(EdgeDriver.java:60)
	at org.openqa.selenium.edge.EdgeDriver.&lt;init&gt;(EdgeDriver.java:56)
	at org.openqa.selenium.edge.EdgeDriver.&lt;init&gt;(EdgeDriver.java:48)
	at org.openqa.selenium.edge.EdgeDriver.&lt;init&gt;(EdgeDriver.java:44)
	at Helpers.WebDriverFactory.createWebDriver(WebDriverFactory.java:40)
	at Base.BaseTest.driverSetUp(BaseTest.java:53)
	at java.base/java.util.ArrayList.forEach(ArrayList.java:1596)
Caused by: org.openqa.selenium.WebDriverException: Driver server process died prematurely.
Build info: version: &apos;4.14.0&apos;, revision: &apos;e5a96349ce&apos;
System info: os.name: &apos;Windows 10&apos;, os.arch: &apos;amd64&apos;, os.version: &apos;10.0&apos;, java.version: &apos;21&apos;
Driver info: driver.version: EdgeDriver
	at org.openqa.selenium.remote.service.DriverService.start(DriverService.java:243)
	at org.openqa.selenium.remote.service.DriverCommandExecutor.execute(DriverCommandExecutor.java:119)
	at org.openqa.selenium.remote.RemoteWebDriver.execute(RemoteWebDriver.java:602)
	... 42 more
... Removed 32 stack frames
</div> <!-- stack-trace -->
                </div> <!-- method-content -->
              </div> <!-- method -->
              <div class="method">
                <div class="method-content">
                  <a name="sortItemsAtoZ">
                  </a> <!-- sortItemsAtoZ -->
                  <span class="method-name">sortItemsAtoZ</span>
                  <div class="stack-trace">org.openqa.selenium.SessionNotCreatedException: Could not start a new session. Possible causes are invalid address of the remote server or browser start-up failure. 
Host info: host: &apos;CLVITN-28FQFX3&apos;, ip: &apos;10.216.30.167&apos;
	at org.openqa.selenium.remote.RemoteWebDriver.execute(RemoteWebDriver.java:620)
	at org.openqa.selenium.remote.RemoteWebDriver.startSession(RemoteWebDriver.java:236)
	at org.openqa.selenium.remote.RemoteWebDriver.&lt;init&gt;(RemoteWebDriver.java:163)
	at org.openqa.selenium.chromium.ChromiumDriver.&lt;init&gt;(ChromiumDriver.java:108)
	at org.openqa.selenium.edge.EdgeDriver.&lt;init&gt;(EdgeDriver.java:60)
	at org.openqa.selenium.edge.EdgeDriver.&lt;init&gt;(EdgeDriver.java:56)
	at org.openqa.selenium.edge.EdgeDriver.&lt;init&gt;(EdgeDriver.java:48)
	at org.openqa.selenium.edge.EdgeDriver.&lt;init&gt;(EdgeDriver.java:44)
	at Helpers.WebDriverFactory.createWebDriver(WebDriverFactory.java:40)
	at Base.BaseTest.driverSetUp(BaseTest.java:53)
	at java.base/java.util.ArrayList.forEach(ArrayList.java:1596)
Caused by: org.openqa.selenium.WebDriverException: Driver server process died prematurely.
Build info: version: &apos;4.14.0&apos;, revision: &apos;e5a96349ce&apos;
System info: os.name: &apos;Windows 10&apos;, os.arch: &apos;amd64&apos;, os.version: &apos;10.0&apos;, java.version: &apos;21&apos;
Driver info: driver.version: EdgeDriver
	at org.openqa.selenium.remote.service.DriverService.start(DriverService.java:243)
	at org.openqa.selenium.remote.service.DriverCommandExecutor.execute(DriverCommandExecutor.java:119)
	at org.openqa.selenium.remote.RemoteWebDriver.execute(RemoteWebDriver.java:602)
	... 42 more
... Removed 32 stack frames
</div> <!-- stack-trace -->
                </div> <!-- method-content -->
              </div> <!-- method -->
              <div class="method">
                <div class="method-content">
                  <a name="sortItemsZtoA">
                  </a> <!-- sortItemsZtoA -->
                  <span class="method-name">sortItemsZtoA</span>
                  <div class="stack-trace">org.openqa.selenium.SessionNotCreatedException: Could not start a new session. Possible causes are invalid address of the remote server or browser start-up failure. 
Host info: host: &apos;CLVITN-28FQFX3&apos;, ip: &apos;10.216.30.167&apos;
	at org.openqa.selenium.remote.RemoteWebDriver.execute(RemoteWebDriver.java:620)
	at org.openqa.selenium.remote.RemoteWebDriver.startSession(RemoteWebDriver.java:236)
	at org.openqa.selenium.remote.RemoteWebDriver.&lt;init&gt;(RemoteWebDriver.java:163)
	at org.openqa.selenium.chromium.ChromiumDriver.&lt;init&gt;(ChromiumDriver.java:108)
	at org.openqa.selenium.edge.EdgeDriver.&lt;init&gt;(EdgeDriver.java:60)
	at org.openqa.selenium.edge.EdgeDriver.&lt;init&gt;(EdgeDriver.java:56)
	at org.openqa.selenium.edge.EdgeDriver.&lt;init&gt;(EdgeDriver.java:48)
	at org.openqa.selenium.edge.EdgeDriver.&lt;init&gt;(EdgeDriver.java:44)
	at Helpers.WebDriverFactory.createWebDriver(WebDriverFactory.java:40)
	at Base.BaseTest.driverSetUp(BaseTest.java:53)
	at java.base/java.util.ArrayList.forEach(ArrayList.java:1596)
Caused by: org.openqa.selenium.WebDriverException: Driver server process died prematurely.
Build info: version: &apos;4.14.0&apos;, revision: &apos;e5a96349ce&apos;
System info: os.name: &apos;Windows 10&apos;, os.arch: &apos;amd64&apos;, os.version: &apos;10.0&apos;, java.version: &apos;21&apos;
Driver info: driver.version: EdgeDriver
	at org.openqa.selenium.remote.service.DriverService.start(DriverService.java:243)
	at org.openqa.selenium.remote.service.DriverCommandExecutor.execute(DriverCommandExecutor.java:119)
	at org.openqa.selenium.remote.RemoteWebDriver.execute(RemoteWebDriver.java:602)
	... 42 more
... Removed 32 stack frames
</div> <!-- stack-trace -->
                </div> <!-- method-content -->
              </div> <!-- method -->
              <div class="method">
                <div class="method-content">
                  <a name="sortPriceHighToLow">
                  </a> <!-- sortPriceHighToLow -->
                  <span class="method-name">sortPriceHighToLow</span>
                  <div class="stack-trace">org.openqa.selenium.SessionNotCreatedException: Could not start a new session. Possible causes are invalid address of the remote server or browser start-up failure. 
Host info: host: &apos;CLVITN-28FQFX3&apos;, ip: &apos;10.216.30.167&apos;
	at org.openqa.selenium.remote.RemoteWebDriver.execute(RemoteWebDriver.java:620)
	at org.openqa.selenium.remote.RemoteWebDriver.startSession(RemoteWebDriver.java:236)
	at org.openqa.selenium.remote.RemoteWebDriver.&lt;init&gt;(RemoteWebDriver.java:163)
	at org.openqa.selenium.chromium.ChromiumDriver.&lt;init&gt;(ChromiumDriver.java:108)
	at org.openqa.selenium.edge.EdgeDriver.&lt;init&gt;(EdgeDriver.java:60)
	at org.openqa.selenium.edge.EdgeDriver.&lt;init&gt;(EdgeDriver.java:56)
	at org.openqa.selenium.edge.EdgeDriver.&lt;init&gt;(EdgeDriver.java:48)
	at org.openqa.selenium.edge.EdgeDriver.&lt;init&gt;(EdgeDriver.java:44)
	at Helpers.WebDriverFactory.createWebDriver(WebDriverFactory.java:40)
	at Base.BaseTest.driverSetUp(BaseTest.java:53)
	at java.base/java.util.ArrayList.forEach(ArrayList.java:1596)
Caused by: org.openqa.selenium.WebDriverException: Driver server process died prematurely.
Build info: version: &apos;4.14.0&apos;, revision: &apos;e5a96349ce&apos;
System info: os.name: &apos;Windows 10&apos;, os.arch: &apos;amd64&apos;, os.version: &apos;10.0&apos;, java.version: &apos;21&apos;
Driver info: driver.version: EdgeDriver
	at org.openqa.selenium.remote.service.DriverService.start(DriverService.java:243)
	at org.openqa.selenium.remote.service.DriverCommandExecutor.execute(DriverCommandExecutor.java:119)
	at org.openqa.selenium.remote.RemoteWebDriver.execute(RemoteWebDriver.java:602)
	... 42 more
... Removed 32 stack frames
</div> <!-- stack-trace -->
                </div> <!-- method-content -->
              </div> <!-- method -->
              <div class="method">
                <div class="method-content">
                  <a name="sortPriceLowToHigh">
                  </a> <!-- sortPriceLowToHigh -->
                  <span class="method-name">sortPriceLowToHigh</span>
                  <div class="stack-trace">org.openqa.selenium.SessionNotCreatedException: Could not start a new session. Possible causes are invalid address of the remote server or browser start-up failure. 
Host info: host: &apos;CLVITN-28FQFX3&apos;, ip: &apos;10.216.30.167&apos;
	at org.openqa.selenium.remote.RemoteWebDriver.execute(RemoteWebDriver.java:620)
	at org.openqa.selenium.remote.RemoteWebDriver.startSession(RemoteWebDriver.java:236)
	at org.openqa.selenium.remote.RemoteWebDriver.&lt;init&gt;(RemoteWebDriver.java:163)
	at org.openqa.selenium.chromium.ChromiumDriver.&lt;init&gt;(ChromiumDriver.java:108)
	at org.openqa.selenium.edge.EdgeDriver.&lt;init&gt;(EdgeDriver.java:60)
	at org.openqa.selenium.edge.EdgeDriver.&lt;init&gt;(EdgeDriver.java:56)
	at org.openqa.selenium.edge.EdgeDriver.&lt;init&gt;(EdgeDriver.java:48)
	at org.openqa.selenium.edge.EdgeDriver.&lt;init&gt;(EdgeDriver.java:44)
	at Helpers.WebDriverFactory.createWebDriver(WebDriverFactory.java:40)
	at Base.BaseTest.driverSetUp(BaseTest.java:53)
	at java.base/java.util.ArrayList.forEach(ArrayList.java:1596)
Caused by: org.openqa.selenium.WebDriverException: Driver server process died prematurely.
Build info: version: &apos;4.14.0&apos;, revision: &apos;e5a96349ce&apos;
System info: os.name: &apos;Windows 10&apos;, os.arch: &apos;amd64&apos;, os.version: &apos;10.0&apos;, java.version: &apos;21&apos;
Driver info: driver.version: EdgeDriver
	at org.openqa.selenium.remote.service.DriverService.start(DriverService.java:243)
	at org.openqa.selenium.remote.service.DriverCommandExecutor.execute(DriverCommandExecutor.java:119)
	at org.openqa.selenium.remote.RemoteWebDriver.execute(RemoteWebDriver.java:602)
	... 42 more
... Removed 32 stack frames
</div> <!-- stack-trace -->
                </div> <!-- method-content -->
              </div> <!-- method -->
            </div> <!-- main-panel-content rounded-window-bottom -->
          </div> <!-- suite-All_Test_Suite-class-skipped -->
          <div class="suite-All_Test_Suite-class-skipped">
            <div class="main-panel-header rounded-window-top">
              <img src="skipped.png"/>
              <span class="class-name">Tests.CheckoutTest</span>
            </div> <!-- main-panel-header rounded-window-top -->
            <div class="main-panel-content rounded-window-bottom">
              <div class="method">
                <div class="method-content">
                  <a name="allFieldsAreMandatory">
                  </a> <!-- allFieldsAreMandatory -->
                  <span class="method-name">allFieldsAreMandatory</span>
                  <div class="stack-trace">org.openqa.selenium.SessionNotCreatedException: Could not start a new session. Possible causes are invalid address of the remote server or browser start-up failure. 
Host info: host: &apos;CLVITN-28FQFX3&apos;, ip: &apos;10.216.30.167&apos;
	at org.openqa.selenium.remote.RemoteWebDriver.execute(RemoteWebDriver.java:620)
	at org.openqa.selenium.remote.RemoteWebDriver.startSession(RemoteWebDriver.java:236)
	at org.openqa.selenium.remote.RemoteWebDriver.&lt;init&gt;(RemoteWebDriver.java:163)
	at org.openqa.selenium.chromium.ChromiumDriver.&lt;init&gt;(ChromiumDriver.java:108)
	at org.openqa.selenium.edge.EdgeDriver.&lt;init&gt;(EdgeDriver.java:60)
	at org.openqa.selenium.edge.EdgeDriver.&lt;init&gt;(EdgeDriver.java:56)
	at org.openqa.selenium.edge.EdgeDriver.&lt;init&gt;(EdgeDriver.java:48)
	at org.openqa.selenium.edge.EdgeDriver.&lt;init&gt;(EdgeDriver.java:44)
	at Helpers.WebDriverFactory.createWebDriver(WebDriverFactory.java:40)
	at Base.BaseTest.driverSetUp(BaseTest.java:53)
	at java.base/java.util.ArrayList.forEach(ArrayList.java:1596)
Caused by: org.openqa.selenium.WebDriverException: Driver server process died prematurely.
Build info: version: &apos;4.14.0&apos;, revision: &apos;e5a96349ce&apos;
System info: os.name: &apos;Windows 10&apos;, os.arch: &apos;amd64&apos;, os.version: &apos;10.0&apos;, java.version: &apos;21&apos;
Driver info: driver.version: EdgeDriver
	at org.openqa.selenium.remote.service.DriverService.start(DriverService.java:243)
	at org.openqa.selenium.remote.service.DriverCommandExecutor.execute(DriverCommandExecutor.java:119)
	at org.openqa.selenium.remote.RemoteWebDriver.execute(RemoteWebDriver.java:602)
	... 42 more
... Removed 32 stack frames
</div> <!-- stack-trace -->
                </div> <!-- method-content -->
              </div> <!-- method -->
              <div class="method">
                <div class="method-content">
                  <a name="firstNameIsMandatory">
                  </a> <!-- firstNameIsMandatory -->
                  <span class="method-name">firstNameIsMandatory</span>
                  <div class="stack-trace">org.openqa.selenium.SessionNotCreatedException: Could not start a new session. Possible causes are invalid address of the remote server or browser start-up failure. 
Host info: host: &apos;CLVITN-28FQFX3&apos;, ip: &apos;10.216.30.167&apos;
	at org.openqa.selenium.remote.RemoteWebDriver.execute(RemoteWebDriver.java:620)
	at org.openqa.selenium.remote.RemoteWebDriver.startSession(RemoteWebDriver.java:236)
	at org.openqa.selenium.remote.RemoteWebDriver.&lt;init&gt;(RemoteWebDriver.java:163)
	at org.openqa.selenium.chromium.ChromiumDriver.&lt;init&gt;(ChromiumDriver.java:108)
	at org.openqa.selenium.edge.EdgeDriver.&lt;init&gt;(EdgeDriver.java:60)
	at org.openqa.selenium.edge.EdgeDriver.&lt;init&gt;(EdgeDriver.java:56)
	at org.openqa.selenium.edge.EdgeDriver.&lt;init&gt;(EdgeDriver.java:48)
	at org.openqa.selenium.edge.EdgeDriver.&lt;init&gt;(EdgeDriver.java:44)
	at Helpers.WebDriverFactory.createWebDriver(WebDriverFactory.java:40)
	at Base.BaseTest.driverSetUp(BaseTest.java:53)
	at java.base/java.util.ArrayList.forEach(ArrayList.java:1596)
Caused by: org.openqa.selenium.WebDriverException: Driver server process died prematurely.
Build info: version: &apos;4.14.0&apos;, revision: &apos;e5a96349ce&apos;
System info: os.name: &apos;Windows 10&apos;, os.arch: &apos;amd64&apos;, os.version: &apos;10.0&apos;, java.version: &apos;21&apos;
Driver info: driver.version: EdgeDriver
	at org.openqa.selenium.remote.service.DriverService.start(DriverService.java:243)
	at org.openqa.selenium.remote.service.DriverCommandExecutor.execute(DriverCommandExecutor.java:119)
	at org.openqa.selenium.remote.RemoteWebDriver.execute(RemoteWebDriver.java:602)
	... 42 more
... Removed 32 stack frames
</div> <!-- stack-trace -->
                </div> <!-- method-content -->
              </div> <!-- method -->
              <div class="method">
                <div class="method-content">
                  <a name="lastNameIsMandatory">
                  </a> <!-- lastNameIsMandatory -->
                  <span class="method-name">lastNameIsMandatory</span>
                  <div class="stack-trace">org.openqa.selenium.SessionNotCreatedException: Could not start a new session. Possible causes are invalid address of the remote server or browser start-up failure. 
Host info: host: &apos;CLVITN-28FQFX3&apos;, ip: &apos;10.216.30.167&apos;
	at org.openqa.selenium.remote.RemoteWebDriver.execute(RemoteWebDriver.java:620)
	at org.openqa.selenium.remote.RemoteWebDriver.startSession(RemoteWebDriver.java:236)
	at org.openqa.selenium.remote.RemoteWebDriver.&lt;init&gt;(RemoteWebDriver.java:163)
	at org.openqa.selenium.chromium.ChromiumDriver.&lt;init&gt;(ChromiumDriver.java:108)
	at org.openqa.selenium.edge.EdgeDriver.&lt;init&gt;(EdgeDriver.java:60)
	at org.openqa.selenium.edge.EdgeDriver.&lt;init&gt;(EdgeDriver.java:56)
	at org.openqa.selenium.edge.EdgeDriver.&lt;init&gt;(EdgeDriver.java:48)
	at org.openqa.selenium.edge.EdgeDriver.&lt;init&gt;(EdgeDriver.java:44)
	at Helpers.WebDriverFactory.createWebDriver(WebDriverFactory.java:40)
	at Base.BaseTest.driverSetUp(BaseTest.java:53)
	at java.base/java.util.ArrayList.forEach(ArrayList.java:1596)
Caused by: org.openqa.selenium.WebDriverException: Driver server process died prematurely.
Build info: version: &apos;4.14.0&apos;, revision: &apos;e5a96349ce&apos;
System info: os.name: &apos;Windows 10&apos;, os.arch: &apos;amd64&apos;, os.version: &apos;10.0&apos;, java.version: &apos;21&apos;
Driver info: driver.version: EdgeDriver
	at org.openqa.selenium.remote.service.DriverService.start(DriverService.java:243)
	at org.openqa.selenium.remote.service.DriverCommandExecutor.execute(DriverCommandExecutor.java:119)
	at org.openqa.selenium.remote.RemoteWebDriver.execute(RemoteWebDriver.java:602)
	... 42 more
... Removed 32 stack frames
</div> <!-- stack-trace -->
                </div> <!-- method-content -->
              </div> <!-- method -->
              <div class="method">
                <div class="method-content">
                  <a name="zipCodeIsMandatory">
                  </a> <!-- zipCodeIsMandatory -->
                  <span class="method-name">zipCodeIsMandatory</span>
                  <div class="stack-trace">org.openqa.selenium.SessionNotCreatedException: Could not start a new session. Possible causes are invalid address of the remote server or browser start-up failure. 
Host info: host: &apos;CLVITN-28FQFX3&apos;, ip: &apos;10.216.30.167&apos;
	at org.openqa.selenium.remote.RemoteWebDriver.execute(RemoteWebDriver.java:620)
	at org.openqa.selenium.remote.RemoteWebDriver.startSession(RemoteWebDriver.java:236)
	at org.openqa.selenium.remote.RemoteWebDriver.&lt;init&gt;(RemoteWebDriver.java:163)
	at org.openqa.selenium.chromium.ChromiumDriver.&lt;init&gt;(ChromiumDriver.java:108)
	at org.openqa.selenium.edge.EdgeDriver.&lt;init&gt;(EdgeDriver.java:60)
	at org.openqa.selenium.edge.EdgeDriver.&lt;init&gt;(EdgeDriver.java:56)
	at org.openqa.selenium.edge.EdgeDriver.&lt;init&gt;(EdgeDriver.java:48)
	at org.openqa.selenium.edge.EdgeDriver.&lt;init&gt;(EdgeDriver.java:44)
	at Helpers.WebDriverFactory.createWebDriver(WebDriverFactory.java:40)
	at Base.BaseTest.driverSetUp(BaseTest.java:53)
	at java.base/java.util.ArrayList.forEach(ArrayList.java:1596)
Caused by: org.openqa.selenium.WebDriverException: Driver server process died prematurely.
Build info: version: &apos;4.14.0&apos;, revision: &apos;e5a96349ce&apos;
System info: os.name: &apos;Windows 10&apos;, os.arch: &apos;amd64&apos;, os.version: &apos;10.0&apos;, java.version: &apos;21&apos;
Driver info: driver.version: EdgeDriver
	at org.openqa.selenium.remote.service.DriverService.start(DriverService.java:243)
	at org.openqa.selenium.remote.service.DriverCommandExecutor.execute(DriverCommandExecutor.java:119)
	at org.openqa.selenium.remote.RemoteWebDriver.execute(RemoteWebDriver.java:602)
	... 42 more
... Removed 32 stack frames
</div> <!-- stack-trace -->
                </div> <!-- method-content -->
              </div> <!-- method -->
            </div> <!-- main-panel-content rounded-window-bottom -->
          </div> <!-- suite-All_Test_Suite-class-skipped -->
          <div class="suite-All_Test_Suite-class-passed">
            <div class="main-panel-header rounded-window-top">
              <img src="passed.png"/>
              <span class="class-name">Tests.LoginTest</span>
            </div> <!-- main-panel-header rounded-window-top -->
            <div class="main-panel-content rounded-window-bottom">
              <div class="method">
                <div class="method-content">
                  <a name="userCanLogIn">
                  </a> <!-- userCanLogIn -->
                  <span class="method-name">userCanLogIn</span>
                </div> <!-- method-content -->
              </div> <!-- method -->
              <div class="method">
                <div class="method-content">
                  <a name="userCanLogOut">
                  </a> <!-- userCanLogOut -->
                  <span class="method-name">userCanLogOut</span>
                </div> <!-- method-content -->
              </div> <!-- method -->
              <div class="method">
                <div class="method-content">
                  <a name="userCannotLogInWithInvalidPassword">
                  </a> <!-- userCannotLogInWithInvalidPassword -->
                  <span class="method-name">userCannotLogInWithInvalidPassword</span>
                </div> <!-- method-content -->
              </div> <!-- method -->
              <div class="method">
                <div class="method-content">
                  <a name="userCannotLogInWithInvalidUsername">
                  </a> <!-- userCannotLogInWithInvalidUsername -->
                  <span class="method-name">userCannotLogInWithInvalidUsername</span>
                </div> <!-- method-content -->
              </div> <!-- method -->
              <div class="method">
                <div class="method-content">
                  <a name="userCannotLogInWithInvalidUsernameAndPassword(standard, pass_word)">
                  </a> <!-- userCannotLogInWithInvalidUsernameAndPassword(standard, pass_word) -->
                  <span class="method-name">userCannotLogInWithInvalidUsernameAndPassword</span>
                  <span class="parameters">(standard,pass_word)</span>
                </div> <!-- method-content -->
              </div> <!-- method -->
              <div class="method">
                <div class="method-content">
                  <a name="userCannotLogInWithInvalidUsernameAndPassword(user, pass)">
                  </a> <!-- userCannotLogInWithInvalidUsernameAndPassword(user, pass) -->
                  <span class="method-name">userCannotLogInWithInvalidUsernameAndPassword</span>
                  <span class="parameters">(user,pass)</span>
                </div> <!-- method-content -->
              </div> <!-- method -->
              <div class="method">
                <div class="method-content">
                  <a name="userCannotLogInWithInvalidUsernameAndPassword(username, password)">
                  </a> <!-- userCannotLogInWithInvalidUsernameAndPassword(username, password) -->
                  <span class="method-name">userCannotLogInWithInvalidUsernameAndPassword</span>
                  <span class="parameters">(username,password)</span>
                </div> <!-- method-content -->
              </div> <!-- method -->
              <div class="method">
                <div class="method-content">
                  <a name="userCannotLogInWithInvalidUsernameAndPassword(user 1, password1)">
                  </a> <!-- userCannotLogInWithInvalidUsernameAndPassword(user 1, password1) -->
                  <span class="method-name">userCannotLogInWithInvalidUsernameAndPassword</span>
                  <span class="parameters">(user 1,password1)</span>
                </div> <!-- method-content -->
              </div> <!-- method -->
              <div class="method">
                <div class="method-content">
                  <a name="userCannotLogInWithRandomData">
                  </a> <!-- userCannotLogInWithRandomData -->
                  <span class="method-name">userCannotLogInWithRandomData</span>
                </div> <!-- method-content -->
              </div> <!-- method -->
            </div> <!-- main-panel-content rounded-window-bottom -->
          </div> <!-- suite-All_Test_Suite-class-passed -->
          <div class="suite-All_Test_Suite-class-passed">
            <div class="main-panel-header rounded-window-top">
              <img src="passed.png"/>
              <span class="class-name">Tests.CartTest</span>
            </div> <!-- main-panel-header rounded-window-top -->
            <div class="main-panel-content rounded-window-bottom">
              <div class="method">
                <div class="method-content">
                  <a name="addItemToCart">
                  </a> <!-- addItemToCart -->
                  <span class="method-name">addItemToCart</span>
                </div> <!-- method-content -->
              </div> <!-- method -->
              <div class="method">
                <div class="method-content">
                  <a name="itemCanBeRemovedFromCart">
                  </a> <!-- itemCanBeRemovedFromCart -->
                  <span class="method-name">itemCanBeRemovedFromCart</span>
                </div> <!-- method-content -->
              </div> <!-- method -->
              <div class="method">
                <div class="method-content">
                  <a name="multipleItemsCaneBeAddedToCart">
                  </a> <!-- multipleItemsCaneBeAddedToCart -->
                  <span class="method-name">multipleItemsCaneBeAddedToCart</span>
                </div> <!-- method-content -->
              </div> <!-- method -->
              <div class="method">
                <div class="method-content">
                  <a name="userCanContinueShopping">
                  </a> <!-- userCanContinueShopping -->
                  <span class="method-name">userCanContinueShopping</span>
                </div> <!-- method-content -->
              </div> <!-- method -->
            </div> <!-- main-panel-content rounded-window-bottom -->
          </div> <!-- suite-All_Test_Suite-class-passed -->
          <div class="suite-All_Test_Suite-class-passed">
            <div class="main-panel-header rounded-window-top">
              <img src="passed.png"/>
              <span class="class-name">Tests.EndToEndTest</span>
            </div> <!-- main-panel-header rounded-window-top -->
            <div class="main-panel-content rounded-window-bottom">
              <div class="method">
                <div class="method-content">
                  <a name="itemCanBeBought">
                  </a> <!-- itemCanBeBought -->
                  <span class="method-name">itemCanBeBought</span>
                </div> <!-- method-content -->
              </div> <!-- method -->
              <div class="method">
                <div class="method-content">
                  <a name="userCanGoToHomepageAfterShopping">
                  </a> <!-- userCanGoToHomepageAfterShopping -->
                  <span class="method-name">userCanGoToHomepageAfterShopping</span>
                </div> <!-- method-content -->
              </div> <!-- method -->
            </div> <!-- main-panel-content rounded-window-bottom -->
          </div> <!-- suite-All_Test_Suite-class-passed -->
        </div> <!-- panel All_Test_Suite -->
        <div panel-name="test-xml-All_Test_Suite" class="panel">
          <div class="main-panel-header rounded-window-top">
            <span class="header-content">C:\Users\U6074901\IdeaProjects\SauceDemo\testng.xml</span>
          </div> <!-- main-panel-header rounded-window-top -->
          <div class="main-panel-content rounded-window-bottom">
            <pre>
&lt;?xml version=&quot;1.0&quot; encoding=&quot;UTF-8&quot;?&gt;
&lt;!DOCTYPE suite SYSTEM &quot;https://testng.org/testng-1.0.dtd&quot;&gt;
&lt;suite name=&quot;All Test Suite&quot; guice-stage=&quot;DEVELOPMENT&quot; verbose=&quot;0&quot;&gt;
  &lt;listeners&gt;
    &lt;listener class-name=&quot;Base.MyTransformer&quot;/&gt;
  &lt;/listeners&gt;
  &lt;test thread-count=&quot;5&quot; name=&quot;Sequence Tests&quot; verbose=&quot;0&quot;&gt;
    &lt;classes&gt;
      &lt;class name=&quot;Tests.LoginTest&quot;/&gt;
      &lt;class name=&quot;Tests.HomepageTest&quot;/&gt;
      &lt;class name=&quot;Tests.CartTest&quot;/&gt;
      &lt;class name=&quot;Tests.CheckoutTest&quot;/&gt;
      &lt;class name=&quot;Tests.EndToEndTest&quot;/&gt;
    &lt;/classes&gt;
  &lt;/test&gt; &lt;!-- Sequence Tests --&gt;
&lt;/suite&gt; &lt;!-- All Test Suite --&gt;
            </pre>
          </div> <!-- main-panel-content rounded-window-bottom -->
        </div> <!-- panel -->
        <div panel-name="testlist-All_Test_Suite" class="panel">
          <div class="main-panel-header rounded-window-top">
            <span class="header-content">Tests for All Test Suite</span>
          </div> <!-- main-panel-header rounded-window-top -->
          <div class="main-panel-content rounded-window-bottom">
            <ul>
              <li>
                <span class="test-name">Sequence Tests (5 classes)</span>
              </li>
            </ul>
          </div> <!-- main-panel-content rounded-window-bottom -->
        </div> <!-- panel -->
        <div panel-name="group-All_Test_Suite" class="panel">
          <div class="main-panel-header rounded-window-top">
            <span class="header-content">Groups for All Test Suite</span>
          </div> <!-- main-panel-header rounded-window-top -->
          <div class="main-panel-content rounded-window-bottom">
          </div> <!-- main-panel-content rounded-window-bottom -->
        </div> <!-- panel -->
        <div panel-name="times-All_Test_Suite" class="panel">
          <div class="main-panel-header rounded-window-top">
            <span class="header-content">Times for All Test Suite</span>
          </div> <!-- main-panel-header rounded-window-top -->
          <div class="main-panel-content rounded-window-bottom">
            <div class="times-div">
              <script type="text/javascript">
suiteTableInitFunctions.push('tableData_All_Test_Suite');
function tableData_All_Test_Suite() {
var data = new google.visualization.DataTable();
data.addColumn('number', 'Number');
data.addColumn('string', 'Method');
data.addColumn('string', 'Class');
data.addColumn('number', 'Time (ms)');
data.addRows(26);
data.setCell(0, 0, 0)
data.setCell(0, 1, 'userCannotLogInWithRandomData')
data.setCell(0, 2, 'Tests.LoginTest')
data.setCell(0, 3, 12022);
data.setCell(1, 0, 1)
data.setCell(1, 1, 'itemCanBeRemovedFromCart')
data.setCell(1, 2, 'Tests.CartTest')
data.setCell(1, 3, 4289);
data.setCell(2, 0, 2)
data.setCell(2, 1, 'multipleItemsCaneBeAddedToCart')
data.setCell(2, 2, 'Tests.CartTest')
data.setCell(2, 3, 2379);
data.setCell(3, 0, 3)
data.setCell(3, 1, 'itemCanBeBought')
data.setCell(3, 2, 'Tests.EndToEndTest')
data.setCell(3, 3, 1578);
data.setCell(4, 0, 4)
data.setCell(4, 1, 'userCanLogOut')
data.setCell(4, 2, 'Tests.LoginTest')
data.setCell(4, 3, 1479);
data.setCell(5, 0, 5)
data.setCell(5, 1, 'userCannotLogInWithInvalidUsernameAndPassword')
data.setCell(5, 2, 'Tests.LoginTest')
data.setCell(5, 3, 1264);
data.setCell(6, 0, 6)
data.setCell(6, 1, 'userCannotLogInWithInvalidUsername')
data.setCell(6, 2, 'Tests.LoginTest')
data.setCell(6, 3, 1225);
data.setCell(7, 0, 7)
data.setCell(7, 1, 'userCannotLogInWithInvalidUsernameAndPassword')
data.setCell(7, 2, 'Tests.LoginTest')
data.setCell(7, 3, 1221);
data.setCell(8, 0, 8)
data.setCell(8, 1, 'userCannotLogInWithInvalidPassword')
data.setCell(8, 2, 'Tests.LoginTest')
data.setCell(8, 3, 1219);
data.setCell(9, 0, 9)
data.setCell(9, 1, 'userCannotLogInWithInvalidUsernameAndPassword')
data.setCell(9, 2, 'Tests.LoginTest')
data.setCell(9, 3, 1219);
data.setCell(10, 0, 10)
data.setCell(10, 1, 'userCannotLogInWithInvalidUsernameAndPassword')
data.setCell(10, 2, 'Tests.LoginTest')
data.setCell(10, 3, 1211);
data.setCell(11, 0, 11)
data.setCell(11, 1, 'addItemToCart')
data.setCell(11, 2, 'Tests.CartTest')
data.setCell(11, 3, 1210);
data.setCell(12, 0, 12)
data.setCell(12, 1, 'userCanGoToHomepageAfterShopping')
data.setCell(12, 2, 'Tests.EndToEndTest')
data.setCell(12, 3, 495);
data.setCell(13, 0, 13)
data.setCell(13, 1, 'userCanContinueShopping')
data.setCell(13, 2, 'Tests.CartTest')
data.setCell(13, 3, 294);
data.setCell(14, 0, 14)
data.setCell(14, 1, 'userCanLogIn')
data.setCell(14, 2, 'Tests.LoginTest')
data.setCell(14, 3, 279);
data.setCell(15, 0, 15)
data.setCell(15, 1, 'sortPriceLowToHigh')
data.setCell(15, 2, 'Tests.HomepageTest')
data.setCell(15, 3, 0);
data.setCell(16, 0, 16)
data.setCell(16, 1, 'hamburgerMenuHasExpectedItems')
data.setCell(16, 2, 'Tests.HomepageTest')
data.setCell(16, 3, 0);
data.setCell(17, 0, 17)
data.setCell(17, 1, 'sortItemsZtoA')
data.setCell(17, 2, 'Tests.HomepageTest')
data.setCell(17, 3, 0);
data.setCell(18, 0, 18)
data.setCell(18, 1, 'lastNameIsMandatory')
data.setCell(18, 2, 'Tests.CheckoutTest')
data.setCell(18, 3, 0);
data.setCell(19, 0, 19)
data.setCell(19, 1, 'hamburgerMenuIsHidden')
data.setCell(19, 2, 'Tests.HomepageTest')
data.setCell(19, 3, 0);
data.setCell(20, 0, 20)
data.setCell(20, 1, 'firstNameIsMandatory')
data.setCell(20, 2, 'Tests.CheckoutTest')
data.setCell(20, 3, 0);
data.setCell(21, 0, 21)
data.setCell(21, 1, 'zipCodeIsMandatory')
data.setCell(21, 2, 'Tests.CheckoutTest')
data.setCell(21, 3, 0);
data.setCell(22, 0, 22)
data.setCell(22, 1, 'sortPriceHighToLow')
data.setCell(22, 2, 'Tests.HomepageTest')
data.setCell(22, 3, 0);
data.setCell(23, 0, 23)
data.setCell(23, 1, 'aboutPageCanBeOpened')
data.setCell(23, 2, 'Tests.HomepageTest')
data.setCell(23, 3, 0);
data.setCell(24, 0, 24)
data.setCell(24, 1, 'sortItemsAtoZ')
data.setCell(24, 2, 'Tests.HomepageTest')
data.setCell(24, 3, 0);
data.setCell(25, 0, 25)
data.setCell(25, 1, 'allFieldsAreMandatory')
data.setCell(25, 2, 'Tests.CheckoutTest')
data.setCell(25, 3, 0);
window.suiteTableData['All_Test_Suite']= { tableData: data, tableDiv: 'times-div-All_Test_Suite'}
return data;
}
              </script>
              <span class="suite-total-time">Total running time: 31 seconds</span>
              <div id="times-div-All_Test_Suite">
              </div> <!-- times-div-All_Test_Suite -->
            </div> <!-- times-div -->
          </div> <!-- main-panel-content rounded-window-bottom -->
        </div> <!-- panel -->
        <div panel-name="reporter-All_Test_Suite" class="panel">
          <div class="main-panel-header rounded-window-top">
            <span class="header-content">Reporter output for All Test Suite</span>
          </div> <!-- main-panel-header rounded-window-top -->
          <div class="main-panel-content rounded-window-bottom">
          </div> <!-- main-panel-content rounded-window-bottom -->
        </div> <!-- panel -->
        <div panel-name="ignored-methods-All_Test_Suite" class="panel">
          <div class="main-panel-header rounded-window-top">
            <span class="header-content">0 ignored methods</span>
          </div> <!-- main-panel-header rounded-window-top -->
          <div class="main-panel-content rounded-window-bottom">
          </div> <!-- main-panel-content rounded-window-bottom -->
        </div> <!-- panel -->
        <div panel-name="chronological-All_Test_Suite" class="panel">
          <div class="main-panel-header rounded-window-top">
            <span class="header-content">Methods in chronological order</span>
          </div> <!-- main-panel-header rounded-window-top -->
          <div class="main-panel-content rounded-window-bottom">
            <div class="chronological-class">
              <div class="chronological-class-name">Tests.LoginTest</div> <!-- chronological-class-name -->
              <div class="configuration-class before">
                <span class="method-name">setUp</span>
                <span class="method-start">0 ms</span>
              </div> <!-- configuration-class before -->
              <div class="configuration-method before">
                <span class="method-name">driverSetUp</span>
                <span class="method-start">423 ms</span>
              </div> <!-- configuration-method before -->
              <div class="configuration-method before">
                <span class="method-name">pageSetUp</span>
                <span class="method-start">2560 ms</span>
              </div> <!-- configuration-method before -->
              <div class="test-method">
                <span class="method-name">userCanLogIn</span>
                <span class="method-start">2580 ms</span>
              </div> <!-- test-method -->
              <div class="configuration-method after">
                <span class="method-name">tearDown([TestResult name=userCanLogIn status=SUCCESS method=LoginTest.userCanLogIn()[pri:10, instance:Tests....)</span>
                <span class="method-start">2860 ms</span>
              </div> <!-- configuration-method after -->
              <div class="configuration-method before">
                <span class="method-name">driverSetUp</span>
                <span class="method-start">2862 ms</span>
              </div> <!-- configuration-method before -->
              <div class="test-method">
                <span class="method-name">userCanLogOut</span>
                <span class="method-start">5917 ms</span>
              </div> <!-- test-method -->
              <div class="configuration-method before">
                <span class="method-name">pageSetUp</span>
                <span class="method-start">5917 ms</span>
              </div> <!-- configuration-method before -->
              <div class="configuration-method after">
                <span class="method-name">tearDown([TestResult name=userCanLogOut status=SUCCESS method=LoginTest.userCanLogOut()[pri:15, instance:Test...)</span>
                <span class="method-start">7397 ms</span>
              </div> <!-- configuration-method after -->
              <div class="configuration-method before">
                <span class="method-name">driverSetUp</span>
                <span class="method-start">7397 ms</span>
              </div> <!-- configuration-method before -->
              <div class="configuration-method before">
                <span class="method-name">pageSetUp</span>
                <span class="method-start">10787 ms</span>
              </div> <!-- configuration-method before -->
              <div class="test-method">
                <span class="method-name">userCannotLogInWithInvalidUsername</span>
                <span class="method-start">10788 ms</span>
              </div> <!-- test-method -->
              <div class="configuration-method after">
                <span class="method-name">tearDown([TestResult name=userCannotLogInWithInvalidUsername status=SUCCESS method=LoginTest.userCannotLogInW...)</span>
                <span class="method-start">12013 ms</span>
              </div> <!-- configuration-method after -->
              <div class="configuration-method before">
                <span class="method-name">driverSetUp</span>
                <span class="method-start">12014 ms</span>
              </div> <!-- configuration-method before -->
              <div class="test-method">
                <span class="method-name">userCannotLogInWithInvalidPassword</span>
                <span class="method-start">14989 ms</span>
              </div> <!-- test-method -->
              <div class="configuration-method before">
                <span class="method-name">pageSetUp</span>
                <span class="method-start">14989 ms</span>
              </div> <!-- configuration-method before -->
              <div class="configuration-method after">
                <span class="method-name">tearDown([TestResult name=userCannotLogInWithInvalidPassword status=SUCCESS method=LoginTest.userCannotLogInW...)</span>
                <span class="method-start">16208 ms</span>
              </div> <!-- configuration-method after -->
              <div class="configuration-method before">
                <span class="method-name">driverSetUp</span>
                <span class="method-start">16211 ms</span>
              </div> <!-- configuration-method before -->
              <div class="configuration-method before">
                <span class="method-name">pageSetUp</span>
                <span class="method-start">19583 ms</span>
              </div> <!-- configuration-method before -->
              <div class="test-method">
                <span class="method-name">userCannotLogInWithInvalidUsernameAndPassword(username, password)</span>
                <span class="method-start">19584 ms</span>
              </div> <!-- test-method -->
              <div class="configuration-method before">
                <span class="method-name">driverSetUp</span>
                <span class="method-start">20796 ms</span>
              </div> <!-- configuration-method before -->
              <div class="configuration-method after">
                <span class="method-name">tearDown([TestResult name=userCannotLogInWithInvalidUsernameAndPassword status=SUCCESS method=LoginTest.userC...)</span>
                <span class="method-start">20796 ms</span>
              </div> <!-- configuration-method after -->
              <div class="test-method">
                <span class="method-name">userCannotLogInWithInvalidUsernameAndPassword(standard, pass_word)</span>
                <span class="method-start">23733 ms</span>
              </div> <!-- test-method -->
              <div class="configuration-method before">
                <span class="method-name">pageSetUp</span>
                <span class="method-start">23733 ms</span>
              </div> <!-- configuration-method before -->
              <div class="configuration-method after">
                <span class="method-name">tearDown([TestResult name=userCannotLogInWithInvalidUsernameAndPassword status=SUCCESS method=LoginTest.userC...)</span>
                <span class="method-start">24997 ms</span>
              </div> <!-- configuration-method after -->
              <div class="configuration-method before">
                <span class="method-name">driverSetUp</span>
                <span class="method-start">24998 ms</span>
              </div> <!-- configuration-method before -->
              <div class="configuration-method before">
                <span class="method-name">pageSetUp</span>
                <span class="method-start">28423 ms</span>
              </div> <!-- configuration-method before -->
              <div class="test-method">
                <span class="method-name">userCannotLogInWithInvalidUsernameAndPassword(user, pass)</span>
                <span class="method-start">28424 ms</span>
              </div> <!-- test-method -->
              <div class="configuration-method before">
                <span class="method-name">driverSetUp</span>
                <span class="method-start">29646 ms</span>
              </div> <!-- configuration-method before -->
              <div class="configuration-method after">
                <span class="method-name">tearDown([TestResult name=userCannotLogInWithInvalidUsernameAndPassword status=SUCCESS method=LoginTest.userC...)</span>
                <span class="method-start">29646 ms</span>
              </div> <!-- configuration-method after -->
              <div class="configuration-method before">
                <span class="method-name">pageSetUp</span>
                <span class="method-start">32628 ms</span>
              </div> <!-- configuration-method before -->
              <div class="test-method">
                <span class="method-name">userCannotLogInWithInvalidUsernameAndPassword(user 1, password1)</span>
                <span class="method-start">32630 ms</span>
              </div> <!-- test-method -->
              <div class="configuration-method after">
                <span class="method-name">tearDown([TestResult name=userCannotLogInWithInvalidUsernameAndPassword status=SUCCESS method=LoginTest.userC...)</span>
                <span class="method-start">33850 ms</span>
              </div> <!-- configuration-method after -->
              <div class="configuration-method before">
                <span class="method-name">driverSetUp</span>
                <span class="method-start">33850 ms</span>
              </div> <!-- configuration-method before -->
              <div class="configuration-method before">
                <span class="method-name">pageSetUp</span>
                <span class="method-start">37122 ms</span>
              </div> <!-- configuration-method before -->
              <div class="test-method">
                <span class="method-name">userCannotLogInWithRandomData</span>
                <span class="method-start">37122 ms</span>
              </div> <!-- test-method -->
              <div class="configuration-class after">
                <span class="method-name">killProcesses</span>
                <span class="method-start">49145 ms</span>
              </div> <!-- configuration-class after -->
              <div class="configuration-method after">
                <span class="method-name">tearDown([TestResult name=userCannotLogInWithRandomData status=SUCCESS method=LoginTest.userCannotLogInWithRa...)</span>
                <span class="method-start">49145 ms</span>
              </div> <!-- configuration-method after -->
            </div> <!-- chronological-class -->
            <div class="chronological-class">
              <div class="chronological-class-name">Tests.HomepageTest</div> <!-- chronological-class-name -->
              <div class="configuration-class before">
                <span class="method-name">setUp</span>
                <span class="method-start">49161 ms</span>
              </div> <!-- configuration-class before -->
              <div class="configuration-method before">
                <img src="failed.png">
                </img>
                <span class="method-name">driverSetUp</span>
                <span class="method-start">49186 ms</span>
              </div> <!-- configuration-method before -->
              <div class="configuration-method before">
                <span class="method-name">driverSetUp</span>
                <span class="method-start">49404 ms</span>
              </div> <!-- configuration-method before -->
              <div class="configuration-method before">
                <span class="method-name">driverSetUp</span>
                <span class="method-start">49405 ms</span>
              </div> <!-- configuration-method before -->
              <div class="configuration-method before">
                <span class="method-name">driverSetUp</span>
                <span class="method-start">49406 ms</span>
              </div> <!-- configuration-method before -->
              <div class="configuration-method before">
                <span class="method-name">driverSetUp</span>
                <span class="method-start">49407 ms</span>
              </div> <!-- configuration-method before -->
              <div class="configuration-method before">
                <span class="method-name">driverSetUp</span>
                <span class="method-start">49407 ms</span>
              </div> <!-- configuration-method before -->
              <div class="configuration-method before">
                <span class="method-name">driverSetUp</span>
                <span class="method-start">49408 ms</span>
              </div> <!-- configuration-method before -->
            </div> <!-- chronological-class -->
            <div class="chronological-class">
              <div class="chronological-class-name">Tests.CartTest</div> <!-- chronological-class-name -->
              <div class="configuration-class before">
                <span class="method-name">setUp</span>
                <span class="method-start">49409 ms</span>
              </div> <!-- configuration-class before -->
              <div class="configuration-method before">
                <span class="method-name">driverSetUp</span>
                <span class="method-start">49447 ms</span>
              </div> <!-- configuration-method before -->
              <div class="configuration-method before">
                <span class="method-name">pageSetUp</span>
                <span class="method-start">50754 ms</span>
              </div> <!-- configuration-method before -->
              <div class="test-method">
                <span class="method-name">addItemToCart</span>
                <span class="method-start">50985 ms</span>
              </div> <!-- test-method -->
              <div class="configuration-method after">
                <span class="method-name">clearCart</span>
                <span class="method-start">52195 ms</span>
              </div> <!-- configuration-method after -->
              <div class="configuration-method after">
                <span class="method-name">tearDown([TestResult name=addItemToCart status=SUCCESS method=CartTest.addItemToCart()[pri:10, instance:Tests...)</span>
                <span class="method-start">53273 ms</span>
              </div> <!-- configuration-method after -->
              <div class="configuration-method before">
                <span class="method-name">driverSetUp</span>
                <span class="method-start">53274 ms</span>
              </div> <!-- configuration-method before -->
              <div class="configuration-method before">
                <span class="method-name">pageSetUp</span>
                <span class="method-start">56660 ms</span>
              </div> <!-- configuration-method before -->
              <div class="test-method">
                <span class="method-name">itemCanBeRemovedFromCart</span>
                <span class="method-start">56889 ms</span>
              </div> <!-- test-method -->
              <div class="configuration-method after">
                <span class="method-name">clearCart</span>
                <span class="method-start">61178 ms</span>
              </div> <!-- configuration-method after -->
              <div class="configuration-method after">
                <span class="method-name">tearDown([TestResult name=itemCanBeRemovedFromCart status=SUCCESS method=CartTest.itemCanBeRemovedFromCart()[...)</span>
                <span class="method-start">63234 ms</span>
              </div> <!-- configuration-method after -->
              <div class="configuration-method before">
                <span class="method-name">driverSetUp</span>
                <span class="method-start">63234 ms</span>
              </div> <!-- configuration-method before -->
              <div class="configuration-method before">
                <span class="method-name">pageSetUp</span>
                <span class="method-start">66276 ms</span>
              </div> <!-- configuration-method before -->
              <div class="test-method">
                <span class="method-name">multipleItemsCaneBeAddedToCart</span>
                <span class="method-start">66526 ms</span>
              </div> <!-- test-method -->
              <div class="configuration-method after">
                <span class="method-name">clearCart</span>
                <span class="method-start">68905 ms</span>
              </div> <!-- configuration-method after -->
              <div class="configuration-method after">
                <span class="method-name">tearDown([TestResult name=multipleItemsCaneBeAddedToCart status=SUCCESS method=CartTest.multipleItemsCaneBeAd...)</span>
                <span class="method-start">70044 ms</span>
              </div> <!-- configuration-method after -->
              <div class="configuration-method before">
                <span class="method-name">driverSetUp</span>
                <span class="method-start">70045 ms</span>
              </div> <!-- configuration-method before -->
              <div class="configuration-method before">
                <span class="method-name">pageSetUp</span>
                <span class="method-start">73380 ms</span>
              </div> <!-- configuration-method before -->
              <div class="test-method">
                <span class="method-name">userCanContinueShopping</span>
                <span class="method-start">73603 ms</span>
              </div> <!-- test-method -->
              <div class="configuration-method after">
                <span class="method-name">clearCart</span>
                <span class="method-start">73898 ms</span>
              </div> <!-- configuration-method after -->
              <div class="configuration-method after">
                <span class="method-name">tearDown([TestResult name=userCanContinueShopping status=SUCCESS method=CartTest.userCanContinueShopping()[pr...)</span>
                <span class="method-start">76005 ms</span>
              </div> <!-- configuration-method after -->
              <div class="configuration-class after">
                <span class="method-name">killProcesses</span>
                <span class="method-start">76005 ms</span>
              </div> <!-- configuration-class after -->
            </div> <!-- chronological-class -->
            <div class="chronological-class">
              <div class="chronological-class-name">Tests.CheckoutTest</div> <!-- chronological-class-name -->
              <div class="configuration-class before">
                <span class="method-name">setUp</span>
                <span class="method-start">76012 ms</span>
              </div> <!-- configuration-class before -->
              <div class="configuration-method before">
                <img src="failed.png">
                </img>
                <span class="method-name">driverSetUp</span>
                <span class="method-start">76035 ms</span>
              </div> <!-- configuration-method before -->
              <div class="configuration-method before">
                <span class="method-name">driverSetUp</span>
                <span class="method-start">76172 ms</span>
              </div> <!-- configuration-method before -->
              <div class="configuration-method before">
                <span class="method-name">driverSetUp</span>
                <span class="method-start">76173 ms</span>
              </div> <!-- configuration-method before -->
              <div class="configuration-method before">
                <span class="method-name">driverSetUp</span>
                <span class="method-start">76174 ms</span>
              </div> <!-- configuration-method before -->
            </div> <!-- chronological-class -->
            <div class="chronological-class">
              <div class="chronological-class-name">Tests.EndToEndTest</div> <!-- chronological-class-name -->
              <div class="configuration-class before">
                <span class="method-name">setUp</span>
                <span class="method-start">76176 ms</span>
              </div> <!-- configuration-class before -->
              <div class="configuration-method before">
                <span class="method-name">driverSetUp</span>
                <span class="method-start">76211 ms</span>
              </div> <!-- configuration-method before -->
              <div class="configuration-method before">
                <span class="method-name">pageSetUp</span>
                <span class="method-start">77517 ms</span>
              </div> <!-- configuration-method before -->
              <div class="test-method">
                <span class="method-name">itemCanBeBought</span>
                <span class="method-start">77747 ms</span>
              </div> <!-- test-method -->
              <div class="configuration-method after">
                <span class="method-name">tearDown([TestResult name=itemCanBeBought status=SUCCESS method=EndToEndTest.itemCanBeBought()[pri:10, instan...)</span>
                <span class="method-start">79325 ms</span>
              </div> <!-- configuration-method after -->
              <div class="configuration-method before">
                <span class="method-name">driverSetUp</span>
                <span class="method-start">79326 ms</span>
              </div> <!-- configuration-method before -->
              <div class="configuration-method before">
                <span class="method-name">pageSetUp</span>
                <span class="method-start">82783 ms</span>
              </div> <!-- configuration-method before -->
              <div class="test-method">
                <span class="method-name">userCanGoToHomepageAfterShopping</span>
                <span class="method-start">83005 ms</span>
              </div> <!-- test-method -->
              <div class="configuration-method after">
                <span class="method-name">tearDown([TestResult name=userCanGoToHomepageAfterShopping status=SUCCESS method=EndToEndTest.userCanGoToHome...)</span>
                <span class="method-start">83500 ms</span>
              </div> <!-- configuration-method after -->
              <div class="configuration-class after">
                <span class="method-name">killProcesses</span>
                <span class="method-start">83501 ms</span>
              </div> <!-- configuration-class after -->
          </div> <!-- main-panel-content rounded-window-bottom -->
        </div> <!-- panel -->
      </div> <!-- main-panel-root -->
    </div> <!-- wrapper -->
  </body>
<script type="text/javascript" src="testng-reports2.js"></script>
</html>
