<?xml version="1.0" encoding="UTF-8"?>
<!-- Generated by org.testng.reporters.JUnitXMLReporter -->
<testsuite ignored="0" hostname="CLVITN-28FQFX3" failures="0" tests="26" name="Sequence Tests" time="83.527" errors="0" timestamp="2023-10-17T16:22:39 CEST">
  <testcase classname="Base.BaseTest" name="@BeforeMethod driverSetUp" time="0.208">
    <failure type="org.openqa.selenium.SessionNotCreatedException" message="Could not start a new session. Possible causes are invalid address of the remote server or browser start-up failure. 
Host info: host: &amp;apos;CLVITN-28FQFX3&amp;apos;, ip: &amp;apos;10.216.30.167&amp;apos;">
      <![CDATA[org.openqa.selenium.SessionNotCreatedException: Could not start a new session. Possible causes are invalid address of the remote server or browser start-up failure. 
Host info: host: 'CLVITN-28FQFX3', ip: '10.216.30.167'
at org.openqa.selenium.remote.RemoteWebDriver.execute(RemoteWebDriver.java:620)
at org.openqa.selenium.remote.RemoteWebDriver.startSession(RemoteWebDriver.java:236)
at org.openqa.selenium.remote.RemoteWebDriver.<init>(RemoteWebDriver.java:163)
at org.openqa.selenium.chromium.ChromiumDriver.<init>(ChromiumDriver.java:108)
at org.openqa.selenium.edge.EdgeDriver.<init>(EdgeDriver.java:60)
at org.openqa.selenium.edge.EdgeDriver.<init>(EdgeDriver.java:56)
at org.openqa.selenium.edge.EdgeDriver.<init>(EdgeDriver.java:48)
at org.openqa.selenium.edge.EdgeDriver.<init>(EdgeDriver.java:44)
at Helpers.WebDriverFactory.createWebDriver(WebDriverFactory.java:40)
at Base.BaseTest.driverSetUp(BaseTest.java:53)
at java.base/java.util.ArrayList.forEach(ArrayList.java:1596)
Caused by: org.openqa.selenium.WebDriverException: Driver server process died prematurely.
Build info: version: '4.14.0', revision: 'e5a96349ce'
System info: os.name: 'Windows 10', os.arch: 'amd64', os.version: '10.0', java.version: '21'
Driver info: driver.version: EdgeDriver
at org.openqa.selenium.remote.service.DriverService.start(DriverService.java:243)
at org.openqa.selenium.remote.service.DriverCommandExecutor.execute(DriverCommandExecutor.java:119)
at org.openqa.selenium.remote.RemoteWebDriver.execute(RemoteWebDriver.java:602)
... 42 more
... Removed 32 stack frames]]>
    </failure>
  </testcase> <!-- @BeforeMethod driverSetUp -->
  <testcase classname="Tests.HomepageTest" name="@BeforeMethod pageSetUp" time="0.0">
    <skipped/>
  </testcase> <!-- @BeforeMethod pageSetUp -->
  <testcase classname="Base.BaseTest" name="@AfterMethod tearDown" time="0.0">
    <skipped/>
  </testcase> <!-- @AfterMethod tearDown -->
  <testcase classname="Base.BaseTest" name="@BeforeMethod driverSetUp" time="0.0">
    <skipped/>
  </testcase> <!-- @BeforeMethod driverSetUp -->
  <testcase classname="Tests.HomepageTest" name="@BeforeMethod pageSetUp" time="0.0">
    <skipped/>
  </testcase> <!-- @BeforeMethod pageSetUp -->
  <testcase classname="Base.BaseTest" name="@AfterMethod tearDown" time="0.0">
    <skipped/>
  </testcase> <!-- @AfterMethod tearDown -->
  <testcase classname="Base.BaseTest" name="@BeforeMethod driverSetUp" time="0.0">
    <skipped/>
  </testcase> <!-- @BeforeMethod driverSetUp -->
  <testcase classname="Tests.HomepageTest" name="@BeforeMethod pageSetUp" time="0.0">
    <skipped/>
  </testcase> <!-- @BeforeMethod pageSetUp -->
  <testcase classname="Base.BaseTest" name="@AfterMethod tearDown" time="0.0">
    <skipped/>
  </testcase> <!-- @AfterMethod tearDown -->
  <testcase classname="Base.BaseTest" name="@BeforeMethod driverSetUp" time="0.0">
    <skipped/>
  </testcase> <!-- @BeforeMethod driverSetUp -->
  <testcase classname="Tests.HomepageTest" name="@BeforeMethod pageSetUp" time="0.0">
    <skipped/>
  </testcase> <!-- @BeforeMethod pageSetUp -->
  <testcase classname="Base.BaseTest" name="@AfterMethod tearDown" time="0.0">
    <skipped/>
  </testcase> <!-- @AfterMethod tearDown -->
  <testcase classname="Base.BaseTest" name="@BeforeMethod driverSetUp" time="0.0">
    <skipped/>
  </testcase> <!-- @BeforeMethod driverSetUp -->
  <testcase classname="Tests.HomepageTest" name="@BeforeMethod pageSetUp" time="0.0">
    <skipped/>
  </testcase> <!-- @BeforeMethod pageSetUp -->
  <testcase classname="Base.BaseTest" name="@AfterMethod tearDown" time="0.0">
    <skipped/>
  </testcase> <!-- @AfterMethod tearDown -->
  <testcase classname="Base.BaseTest" name="@BeforeMethod driverSetUp" time="0.0">
    <skipped/>
  </testcase> <!-- @BeforeMethod driverSetUp -->
  <testcase classname="Tests.HomepageTest" name="@BeforeMethod pageSetUp" time="0.0">
    <skipped/>
  </testcase> <!-- @BeforeMethod pageSetUp -->
  <testcase classname="Base.BaseTest" name="@AfterMethod tearDown" time="0.0">
    <skipped/>
  </testcase> <!-- @AfterMethod tearDown -->
  <testcase classname="Base.BaseTest" name="@BeforeMethod driverSetUp" time="0.0">
    <skipped/>
  </testcase> <!-- @BeforeMethod driverSetUp -->
  <testcase classname="Tests.HomepageTest" name="@BeforeMethod pageSetUp" time="0.0">
    <skipped/>
  </testcase> <!-- @BeforeMethod pageSetUp -->
  <testcase classname="Base.BaseTest" name="@AfterMethod tearDown" time="0.0">
    <skipped/>
  </testcase> <!-- @AfterMethod tearDown -->
  <testcase classname="Base.BaseTest" name="@AfterClass killProcesses" time="0.0">
    <skipped/>
  </testcase> <!-- @AfterClass killProcesses -->
  <testcase classname="Base.BaseTest" name="@BeforeMethod driverSetUp" time="0.136">
    <failure type="org.openqa.selenium.SessionNotCreatedException" message="Could not start a new session. Possible causes are invalid address of the remote server or browser start-up failure. 
Host info: host: &amp;apos;CLVITN-28FQFX3&amp;apos;, ip: &amp;apos;10.216.30.167&amp;apos;">
      <![CDATA[org.openqa.selenium.SessionNotCreatedException: Could not start a new session. Possible causes are invalid address of the remote server or browser start-up failure. 
Host info: host: 'CLVITN-28FQFX3', ip: '10.216.30.167'
at org.openqa.selenium.remote.RemoteWebDriver.execute(RemoteWebDriver.java:620)
at org.openqa.selenium.remote.RemoteWebDriver.startSession(RemoteWebDriver.java:236)
at org.openqa.selenium.remote.RemoteWebDriver.<init>(RemoteWebDriver.java:163)
at org.openqa.selenium.chromium.ChromiumDriver.<init>(ChromiumDriver.java:108)
at org.openqa.selenium.edge.EdgeDriver.<init>(EdgeDriver.java:60)
at org.openqa.selenium.edge.EdgeDriver.<init>(EdgeDriver.java:56)
at org.openqa.selenium.edge.EdgeDriver.<init>(EdgeDriver.java:48)
at org.openqa.selenium.edge.EdgeDriver.<init>(EdgeDriver.java:44)
at Helpers.WebDriverFactory.createWebDriver(WebDriverFactory.java:40)
at Base.BaseTest.driverSetUp(BaseTest.java:53)
at java.base/java.util.ArrayList.forEach(ArrayList.java:1596)
Caused by: org.openqa.selenium.WebDriverException: Driver server process died prematurely.
Build info: version: '4.14.0', revision: 'e5a96349ce'
System info: os.name: 'Windows 10', os.arch: 'amd64', os.version: '10.0', java.version: '21'
Driver info: driver.version: EdgeDriver
at org.openqa.selenium.remote.service.DriverService.start(DriverService.java:243)
at org.openqa.selenium.remote.service.DriverCommandExecutor.execute(DriverCommandExecutor.java:119)
at org.openqa.selenium.remote.RemoteWebDriver.execute(RemoteWebDriver.java:602)
... 42 more
... Removed 32 stack frames]]>
    </failure>
  </testcase> <!-- @BeforeMethod driverSetUp -->
  <testcase classname="Tests.CheckoutTest" name="@BeforeMethod pageSetUp" time="0.0">
    <skipped/>
  </testcase> <!-- @BeforeMethod pageSetUp -->
  <testcase classname="Base.BaseTest" name="@AfterMethod tearDown" time="0.0">
    <skipped/>
  </testcase> <!-- @AfterMethod tearDown -->
  <testcase classname="Base.BaseTest" name="@BeforeMethod driverSetUp" time="0.0">
    <skipped/>
  </testcase> <!-- @BeforeMethod driverSetUp -->
  <testcase classname="Tests.CheckoutTest" name="@BeforeMethod pageSetUp" time="0.0">
    <skipped/>
  </testcase> <!-- @BeforeMethod pageSetUp -->
  <testcase classname="Base.BaseTest" name="@AfterMethod tearDown" time="0.0">
    <skipped/>
  </testcase> <!-- @AfterMethod tearDown -->
  <testcase classname="Base.BaseTest" name="@BeforeMethod driverSetUp" time="0.0">
    <skipped/>
  </testcase> <!-- @BeforeMethod driverSetUp -->
  <testcase classname="Tests.CheckoutTest" name="@BeforeMethod pageSetUp" time="0.0">
    <skipped/>
  </testcase> <!-- @BeforeMethod pageSetUp -->
  <testcase classname="Base.BaseTest" name="@AfterMethod tearDown" time="0.0">
    <skipped/>
  </testcase> <!-- @AfterMethod tearDown -->
  <testcase classname="Base.BaseTest" name="@BeforeMethod driverSetUp" time="0.0">
    <skipped/>
  </testcase> <!-- @BeforeMethod driverSetUp -->
  <testcase classname="Tests.CheckoutTest" name="@BeforeMethod pageSetUp" time="0.0">
    <skipped/>
  </testcase> <!-- @BeforeMethod pageSetUp -->
  <testcase classname="Base.BaseTest" name="@AfterMethod tearDown" time="0.0">
    <skipped/>
  </testcase> <!-- @AfterMethod tearDown -->
  <testcase classname="Base.BaseTest" name="@AfterClass killProcesses" time="0.0">
    <skipped/>
  </testcase> <!-- @AfterClass killProcesses -->
  <testcase classname="Tests.LoginTest" name="userCanLogIn" time="0.279"/>
  <testcase classname="Tests.LoginTest" name="userCanLogOut" time="1.479"/>
  <testcase classname="Tests.LoginTest" name="userCannotLogInWithInvalidUsername" time="1.225"/>
  <testcase classname="Tests.LoginTest" name="userCannotLogInWithInvalidPassword" time="1.219"/>
  <testcase classname="Tests.LoginTest" name="userCannotLogInWithInvalidUsernameAndPassword" time="1.211"/>
  <testcase classname="Tests.LoginTest" name="userCannotLogInWithInvalidUsernameAndPassword" time="1.264"/>
  <testcase classname="Tests.LoginTest" name="userCannotLogInWithInvalidUsernameAndPassword" time="1.221"/>
  <testcase classname="Tests.LoginTest" name="userCannotLogInWithInvalidUsernameAndPassword" time="1.219"/>
  <testcase classname="Tests.LoginTest" name="userCannotLogInWithRandomData" time="12.022"/>
  <testcase classname="Tests.HomepageTest" name="hamburgerMenuIsHidden" time="0.0">
    <skipped/>
  </testcase> <!-- hamburgerMenuIsHidden -->
  <testcase classname="Tests.HomepageTest" name="hamburgerMenuHasExpectedItems" time="0.0">
    <skipped/>
  </testcase> <!-- hamburgerMenuHasExpectedItems -->
  <testcase classname="Tests.HomepageTest" name="sortItemsAtoZ" time="0.0">
    <skipped/>
  </testcase> <!-- sortItemsAtoZ -->
  <testcase classname="Tests.HomepageTest" name="sortItemsZtoA" time="0.0">
    <skipped/>
  </testcase> <!-- sortItemsZtoA -->
  <testcase classname="Tests.HomepageTest" name="sortPriceHighToLow" time="0.0">
    <skipped/>
  </testcase> <!-- sortPriceHighToLow -->
  <testcase classname="Tests.HomepageTest" name="sortPriceLowToHigh" time="0.0">
    <skipped/>
  </testcase> <!-- sortPriceLowToHigh -->
  <testcase classname="Tests.HomepageTest" name="aboutPageCanBeOpened" time="0.0">
    <skipped/>
  </testcase> <!-- aboutPageCanBeOpened -->
  <testcase classname="Tests.CartTest" name="addItemToCart" time="1.21"/>
  <testcase classname="Tests.CartTest" name="itemCanBeRemovedFromCart" time="4.289"/>
  <testcase classname="Tests.CartTest" name="multipleItemsCaneBeAddedToCart" time="2.379"/>
  <testcase classname="Tests.CartTest" name="userCanContinueShopping" time="0.294"/>
  <testcase classname="Tests.CheckoutTest" name="allFieldsAreMandatory" time="0.0">
    <skipped/>
  </testcase> <!-- allFieldsAreMandatory -->
  <testcase classname="Tests.CheckoutTest" name="firstNameIsMandatory" time="0.0">
    <skipped/>
  </testcase> <!-- firstNameIsMandatory -->
  <testcase classname="Tests.CheckoutTest" name="lastNameIsMandatory" time="0.0">
    <skipped/>
  </testcase> <!-- lastNameIsMandatory -->
  <testcase classname="Tests.CheckoutTest" name="zipCodeIsMandatory" time="0.0">
    <skipped/>
  </testcase> <!-- zipCodeIsMandatory -->
  <testcase classname="Tests.EndToEndTest" name="itemCanBeBought" time="1.578"/>
  <testcase classname="Tests.EndToEndTest" name="userCanGoToHomepageAfterShopping" time="0.495"/>
</testsuite> <!-- Sequence Tests -->
